[0m00:52:44.910922 [debug] [MainThread]: Sending event: {'category': 'dbt', 'action': 'invocation', 'label': 'start', 'context': [<snowplow_tracker.self_describing_json.SelfDescribingJson object at 0x000001E0BEB14440>, <snowplow_tracker.self_describing_json.SelfDescribingJson object at 0x000001E0BA3E3110>, <snowplow_tracker.self_describing_json.SelfDescribingJson object at 0x000001E0C0987C50>]}


============================== 00:52:44.914792 | 9264f865-0846-41db-954a-de18a38ada08 ==============================
[0m00:52:44.914792 [info ] [MainThread]: Running with dbt=1.11.2
[0m00:52:44.915370 [debug] [MainThread]: running dbt with arguments {'version_check': 'True', 'no_print': 'None', 'static_parser': 'True', 'warn_error_options': 'WarnErrorOptionsV2(error=[], warn=[], silence=[])', 'target_path': 'None', 'printer_width': '80', 'write_json': 'True', 'empty': 'None', 'log_cache_events': 'False', 'introspect': 'True', 'cache_selected_only': 'False', 'log_format': 'default', 'debug': 'False', 'fail_fast': 'False', 'partial_parse': 'True', 'send_anonymous_usage_stats': 'True', 'quiet': 'False', 'warn_error': 'None', 'profiles_dir': 'C:\\Users\\guilh\\.dbt', 'indirect_selection': 'eager', 'use_colors': 'True', 'invocation_command': 'dbt init dbt_churn', 'use_experimental_parser': 'False', 'log_path': 'logs'}
[0m00:52:44.934609 [debug] [MainThread]: Starter project path: C:\Users\guilh\AppData\Local\Programs\Python\Python313\Lib\site-packages\dbt\include\starter_project
[0m00:52:44.962092 [info ] [MainThread]: 
Your new dbt project "dbt_churn" was created!

For more information on how to configure the profiles.yml file,
please consult the dbt documentation here:

  https://docs.getdbt.com/docs/configure-your-profile

One more thing:

Need help? Don't hesitate to reach out to us via GitHub issues or on Slack:

  https://community.getdbt.com/

Happy modeling!

[0m00:52:44.962765 [info ] [MainThread]: Setting up your profile.
[0m00:56:51.404647 [debug] [MainThread]: Snowflake adapter: Setting snowflake.connector to ERROR (file logging only)
[0m00:56:51.405372 [debug] [MainThread]: Snowflake adapter: Setting botocore to ERROR (file logging only)
[0m00:56:51.405836 [debug] [MainThread]: Snowflake adapter: Setting boto3 to ERROR (file logging only)
[0m00:57:51.570313 [info ] [MainThread]: Profile dbt_churn written to C:\Users\guilh\.dbt\profiles.yml using target's profile_template.yml and your supplied values. Run 'dbt debug' to validate the connection.
[0m00:57:51.571664 [debug] [MainThread]: Command `dbt init` succeeded at 00:57:51.571549 after 306.77 seconds
[0m00:57:51.571961 [debug] [MainThread]: Sending event: {'category': 'dbt', 'action': 'invocation', 'label': 'end', 'context': [<snowplow_tracker.self_describing_json.SelfDescribingJson object at 0x000001E0E1D67CE0>, <snowplow_tracker.self_describing_json.SelfDescribingJson object at 0x000001E0E1DFEB10>, <snowplow_tracker.self_describing_json.SelfDescribingJson object at 0x000001E0E1D07DF0>]}
[0m00:57:51.572266 [debug] [MainThread]: Flushing usage events
[0m00:57:52.457173 [debug] [MainThread]: An error was encountered while trying to flush usage events
